G:\WORK FILE\SFLOW\HSFLOWD-1_26_0\HSFLOWD-1_26_0\SRC\WINDOWSXP\HSFLOWD\INSTALLHELPER\WIN32\RELEASE\INSTALLHELPER.OBJ
G:\WORK FILE\SFLOW\HSFLOWD-1_26_0\HSFLOWD-1_26_0\SRC\WINDOWSXP\HSFLOWD\INSTALLHELPER\WIN32\RELEASE\VC110.PDB
G:\work file\sflow\hsflowd-1_26_0\hsflowd-1_26_0\src\WindowsXP\hsflowd\build\installHelper.lib
G:\work file\sflow\hsflowd-1_26_0\hsflowd-1_26_0\src\WindowsXP\hsflowd\build\installHelper.exp
G:\WORK FILE\SFLOW\HSFLOWD-1_26_0\HSFLOWD-1_26_0\SRC\WINDOWSXP\HSFLOWD\BUILD\INSTALLHELPER.DLL
G:\WORK FILE\SFLOW\HSFLOWD-1_26_0\HSFLOWD-1_26_0\SRC\WINDOWSXP\HSFLOWD\BUILD\INSTALLHELPER.PDB
G:\WORK FILE\SFLOW\HSFLOWD-1_26_0\HSFLOWD-1_26_0\SRC\WINDOWSXP\HSFLOWD\INSTALLHELPER\WIN32\RELEASE\VERSION.RES
G:\work file\sflow\hsflowd-1_26_0\hsflowd-1_26_0\src\WindowsXP\hsflowd\installHelper\Win32\Release\installHelper.obj
G:\work file\sflow\hsflowd-1_26_0\hsflowd-1_26_0\src\WindowsXP\hsflowd\installHelper\Win32\Release\cl.command.1.tlog
G:\work file\sflow\hsflowd-1_26_0\hsflowd-1_26_0\src\WindowsXP\hsflowd\installHelper\Win32\Release\CL.read.1.tlog
G:\work file\sflow\hsflowd-1_26_0\hsflowd-1_26_0\src\WindowsXP\hsflowd\installHelper\Win32\Release\CL.write.1.tlog
G:\work file\sflow\hsflowd-1_26_0\hsflowd-1_26_0\src\WindowsXP\hsflowd\installHelper\Win32\Release\installHelper.write.1.tlog
G:\work file\sflow\hsflowd-1_26_0\hsflowd-1_26_0\src\WindowsXP\hsflowd\installHelper\Win32\Release\link-cvtres.read.1.tlog
G:\work file\sflow\hsflowd-1_26_0\hsflowd-1_26_0\src\WindowsXP\hsflowd\installHelper\Win32\Release\link-cvtres.write.1.tlog
G:\work file\sflow\hsflowd-1_26_0\hsflowd-1_26_0\src\WindowsXP\hsflowd\installHelper\Win32\Release\link-rc.read.1.tlog
G:\work file\sflow\hsflowd-1_26_0\hsflowd-1_26_0\src\WindowsXP\hsflowd\installHelper\Win32\Release\link-rc.write.1.tlog
G:\work file\sflow\hsflowd-1_26_0\hsflowd-1_26_0\src\WindowsXP\hsflowd\installHelper\Win32\Release\link.command.1.tlog
G:\work file\sflow\hsflowd-1_26_0\hsflowd-1_26_0\src\WindowsXP\hsflowd\installHelper\Win32\Release\link.read.1.tlog
G:\work file\sflow\hsflowd-1_26_0\hsflowd-1_26_0\src\WindowsXP\hsflowd\installHelper\Win32\Release\link.write.1.tlog
G:\work file\sflow\hsflowd-1_26_0\hsflowd-1_26_0\src\WindowsXP\hsflowd\installHelper\Win32\Release\rc.command.1.tlog
G:\work file\sflow\hsflowd-1_26_0\hsflowd-1_26_0\src\WindowsXP\hsflowd\installHelper\Win32\Release\rc.read.1.tlog
G:\work file\sflow\hsflowd-1_26_0\hsflowd-1_26_0\src\WindowsXP\hsflowd\installHelper\Win32\Release\rc.write.1.tlog
G:\work file\sflow\hsflowd-1_26_0\hsflowd-1_26_0\src\WindowsXP\hsflowd\installHelper\Win32\Release\version.res
G:\work file\sflow\hsflowd-1_26_0\hsflowd-1_26_0\src\WindowsXP\hsflowd\installHelper\Win32\Release\vc110.pdb
G:\work file\sflow\hsflowd-1_26_0\hsflowd-1_26_0\src\WindowsXP\hsflowd\build\installHelper.pdb
G:\work file\sflow\hsflowd-1_26_0\hsflowd-1_26_0\src\WindowsXP\hsflowd\build\installHelper.dll
