G:\WORK FILE\SFLOW\HSFLOWD-1_26_0\HSFLOWD-1_26_0\SRC\WINDOWSXP\HSFLOWD\HSFLOWD\WIN32\RELEASE\UTIL.OBJ
G:\WORK FILE\SFLOW\HSFLOWD-1_26_0\HSFLOWD-1_26_0\SRC\WINDOWSXP\HSFLOWD\HSFLOWD\WIN32\RELEASE\SFLOW_SAMPLER.OBJ
G:\WORK FILE\SFLOW\HSFLOWD-1_26_0\HSFLOWD-1_26_0\SRC\WINDOWSXP\HSFLOWD\HSFLOWD\WIN32\RELEASE\SFLOW_RECEIVER.OBJ
G:\WORK FILE\SFLOW\HSFLOWD-1_26_0\HSFLOWD-1_26_0\SRC\WINDOWSXP\HSFLOWD\HSFLOWD\WIN32\RELEASE\SFLOW_POLLER.OBJ
G:\WORK FILE\SFLOW\HSFLOWD-1_26_0\HSFLOWD-1_26_0\SRC\WINDOWSXP\HSFLOWD\HSFLOWD\WIN32\RELEASE\SFLOW_AGENT.OBJ
G:\WORK FILE\SFLOW\HSFLOWD-1_26_0\HSFLOWD-1_26_0\SRC\WINDOWSXP\HSFLOWD\HSFLOWD\WIN32\RELEASE\READWINDOWSCOUNTERS.OBJ
G:\WORK FILE\SFLOW\HSFLOWD-1_26_0\HSFLOWD-1_26_0\SRC\WINDOWSXP\HSFLOWD\HSFLOWD\WIN32\RELEASE\READSYSTEMUUID.OBJ
G:\WORK FILE\SFLOW\HSFLOWD-1_26_0\HSFLOWD-1_26_0\SRC\WINDOWSXP\HSFLOWD\HSFLOWD\WIN32\RELEASE\READNIOCOUNTERS.OBJ
G:\WORK FILE\SFLOW\HSFLOWD-1_26_0\HSFLOWD-1_26_0\SRC\WINDOWSXP\HSFLOWD\HSFLOWD\WIN32\RELEASE\READMEMORYCOUNTERS.OBJ
G:\WORK FILE\SFLOW\HSFLOWD-1_26_0\HSFLOWD-1_26_0\SRC\WINDOWSXP\HSFLOWD\HSFLOWD\WIN32\RELEASE\READINTERFACES.OBJ
G:\WORK FILE\SFLOW\HSFLOWD-1_26_0\HSFLOWD-1_26_0\SRC\WINDOWSXP\HSFLOWD\HSFLOWD\WIN32\RELEASE\READHIDCOUNTERS.OBJ
G:\WORK FILE\SFLOW\HSFLOWD-1_26_0\HSFLOWD-1_26_0\SRC\WINDOWSXP\HSFLOWD\HSFLOWD\WIN32\RELEASE\READDISKCOUNTERS.OBJ
G:\WORK FILE\SFLOW\HSFLOWD-1_26_0\HSFLOWD-1_26_0\SRC\WINDOWSXP\HSFLOWD\HSFLOWD\WIN32\RELEASE\READCPUCOUNTERS.OBJ
G:\WORK FILE\SFLOW\HSFLOWD-1_26_0\HSFLOWD-1_26_0\SRC\WINDOWSXP\HSFLOWD\HSFLOWD\WIN32\RELEASE\LOADAVERAGE.OBJ
G:\WORK FILE\SFLOW\HSFLOWD-1_26_0\HSFLOWD-1_26_0\SRC\WINDOWSXP\HSFLOWD\HSFLOWD\WIN32\RELEASE\HSFLOWD.OBJ
G:\WORK FILE\SFLOW\HSFLOWD-1_26_0\HSFLOWD-1_26_0\SRC\WINDOWSXP\HSFLOWD\HSFLOWD\WIN32\RELEASE\HSFLOWCONFIG.OBJ
G:\WORK FILE\SFLOW\HSFLOWD-1_26_0\HSFLOWD-1_26_0\SRC\WINDOWSXP\HSFLOWD\HSFLOWD\WIN32\RELEASE\VC110.PDB
G:\WORK FILE\SFLOW\HSFLOWD-1_26_0\HSFLOWD-1_26_0\SRC\WINDOWSXP\HSFLOWD\BUILD\HSFLOWD.EXE
G:\WORK FILE\SFLOW\HSFLOWD-1_26_0\HSFLOWD-1_26_0\SRC\WINDOWSXP\HSFLOWD\BUILD\HSFLOWD.PDB
G:\WORK FILE\SFLOW\HSFLOWD-1_26_0\HSFLOWD-1_26_0\SRC\WINDOWSXP\HSFLOWD\HSFLOWD\WIN32\RELEASE\HSFLOWD.RES
G:\work file\sflow\hsflowd-1_26_0\hsflowd-1_26_0\src\WindowsXP\hsflowd\hsflowd\Win32\Release\hsflowconfig.obj
G:\work file\sflow\hsflowd-1_26_0\hsflowd-1_26_0\src\WindowsXP\hsflowd\hsflowd\Win32\Release\hsflowd.obj
G:\work file\sflow\hsflowd-1_26_0\hsflowd-1_26_0\src\WindowsXP\hsflowd\hsflowd\Win32\Release\loadAverage.obj
G:\work file\sflow\hsflowd-1_26_0\hsflowd-1_26_0\src\WindowsXP\hsflowd\hsflowd\Win32\Release\readCpuCounters.obj
G:\work file\sflow\hsflowd-1_26_0\hsflowd-1_26_0\src\WindowsXP\hsflowd\hsflowd\Win32\Release\readDiskCounters.obj
G:\work file\sflow\hsflowd-1_26_0\hsflowd-1_26_0\src\WindowsXP\hsflowd\hsflowd\Win32\Release\readHidCounters.obj
G:\work file\sflow\hsflowd-1_26_0\hsflowd-1_26_0\src\WindowsXP\hsflowd\hsflowd\Win32\Release\readInterfaces.obj
G:\work file\sflow\hsflowd-1_26_0\hsflowd-1_26_0\src\WindowsXP\hsflowd\hsflowd\Win32\Release\readMemoryCounters.obj
G:\work file\sflow\hsflowd-1_26_0\hsflowd-1_26_0\src\WindowsXP\hsflowd\hsflowd\Win32\Release\readNioCounters.obj
G:\work file\sflow\hsflowd-1_26_0\hsflowd-1_26_0\src\WindowsXP\hsflowd\hsflowd\Win32\Release\readSystemUUID.obj
G:\work file\sflow\hsflowd-1_26_0\hsflowd-1_26_0\src\WindowsXP\hsflowd\hsflowd\Win32\Release\readWindowsCounters.obj
G:\work file\sflow\hsflowd-1_26_0\hsflowd-1_26_0\src\WindowsXP\hsflowd\hsflowd\Win32\Release\sflow_agent.obj
G:\work file\sflow\hsflowd-1_26_0\hsflowd-1_26_0\src\WindowsXP\hsflowd\hsflowd\Win32\Release\sflow_poller.obj
G:\work file\sflow\hsflowd-1_26_0\hsflowd-1_26_0\src\WindowsXP\hsflowd\hsflowd\Win32\Release\sflow_receiver.obj
G:\work file\sflow\hsflowd-1_26_0\hsflowd-1_26_0\src\WindowsXP\hsflowd\hsflowd\Win32\Release\sflow_sampler.obj
G:\work file\sflow\hsflowd-1_26_0\hsflowd-1_26_0\src\WindowsXP\hsflowd\hsflowd\Win32\Release\util.obj
G:\work file\sflow\hsflowd-1_26_0\hsflowd-1_26_0\src\WindowsXP\hsflowd\hsflowd\Win32\Release\cl.command.1.tlog
G:\work file\sflow\hsflowd-1_26_0\hsflowd-1_26_0\src\WindowsXP\hsflowd\hsflowd\Win32\Release\CL.read.1.tlog
G:\work file\sflow\hsflowd-1_26_0\hsflowd-1_26_0\src\WindowsXP\hsflowd\hsflowd\Win32\Release\CL.write.1.tlog
G:\work file\sflow\hsflowd-1_26_0\hsflowd-1_26_0\src\WindowsXP\hsflowd\hsflowd\Win32\Release\link-cvtres.read.1.tlog
G:\work file\sflow\hsflowd-1_26_0\hsflowd-1_26_0\src\WindowsXP\hsflowd\hsflowd\Win32\Release\link-cvtres.write.1.tlog
G:\work file\sflow\hsflowd-1_26_0\hsflowd-1_26_0\src\WindowsXP\hsflowd\hsflowd\Win32\Release\link-rc.read.1.tlog
G:\work file\sflow\hsflowd-1_26_0\hsflowd-1_26_0\src\WindowsXP\hsflowd\hsflowd\Win32\Release\link-rc.write.1.tlog
G:\work file\sflow\hsflowd-1_26_0\hsflowd-1_26_0\src\WindowsXP\hsflowd\hsflowd\Win32\Release\link.command.1.tlog
G:\work file\sflow\hsflowd-1_26_0\hsflowd-1_26_0\src\WindowsXP\hsflowd\hsflowd\Win32\Release\link.read.1.tlog
G:\work file\sflow\hsflowd-1_26_0\hsflowd-1_26_0\src\WindowsXP\hsflowd\hsflowd\Win32\Release\link.write.1.tlog
G:\work file\sflow\hsflowd-1_26_0\hsflowd-1_26_0\src\WindowsXP\hsflowd\hsflowd\Win32\Release\rc.command.1.tlog
G:\work file\sflow\hsflowd-1_26_0\hsflowd-1_26_0\src\WindowsXP\hsflowd\hsflowd\Win32\Release\rc.read.1.tlog
G:\work file\sflow\hsflowd-1_26_0\hsflowd-1_26_0\src\WindowsXP\hsflowd\hsflowd\Win32\Release\rc.write.1.tlog
G:\work file\sflow\hsflowd-1_26_0\hsflowd-1_26_0\src\WindowsXP\hsflowd\hsflowd\Win32\Release\hsflowd.res
G:\work file\sflow\hsflowd-1_26_0\hsflowd-1_26_0\src\WindowsXP\hsflowd\hsflowd\Win32\Release\vc110.pdb
G:\work file\sflow\hsflowd-1_26_0\hsflowd-1_26_0\src\WindowsXP\hsflowd\build\hsflowd.pdb
G:\work file\sflow\hsflowd-1_26_0\hsflowd-1_26_0\src\WindowsXP\hsflowd\build\hsflowd.exe
