G:\WORK FILE\SFLOW\HSFLOWD-1_26_0\HSFLOWD-1_26_0\SRC\WINDOWS\HSFLOWD\WIN32\DEBUG\HYPERVVM.OBJ
G:\WORK FILE\SFLOW\HSFLOWD-1_26_0\HSFLOWD-1_26_0\SRC\WINDOWS\HSFLOWD\WIN32\DEBUG\READPACKETS.OBJ
G:\WORK FILE\SFLOW\HSFLOWD-1_26_0\HSFLOWD-1_26_0\SRC\WINDOWS\HSFLOWD\WIN32\DEBUG\READWINDOWSENGLISHCOUNTERS.OBJ
G:\WORK FILE\SFLOW\HSFLOWD-1_26_0\HSFLOWD-1_26_0\SRC\WINDOWS\HSFLOWD\WIN32\DEBUG\DNSSD.OBJ
G:\WORK FILE\SFLOW\HSFLOWD-1_26_0\HSFLOWD-1_26_0\SRC\WINDOWS\HSFLOWD\WIN32\DEBUG\XMLUTIL.OBJ
G:\WORK FILE\SFLOW\HSFLOWD-1_26_0\HSFLOWD-1_26_0\SRC\WINDOWS\HSFLOWD\WIN32\DEBUG\HSFLOWCONFIG.OBJ
G:\WORK FILE\SFLOW\HSFLOWD-1_26_0\HSFLOWD-1_26_0\SRC\WINDOWS\HSFLOWD\WIN32\DEBUG\HSFLOWD.OBJ
G:\WORK FILE\SFLOW\HSFLOWD-1_26_0\HSFLOWD-1_26_0\SRC\WINDOWS\HSFLOWD\WIN32\DEBUG\LOADAVERAGE.OBJ
G:\WORK FILE\SFLOW\HSFLOWD-1_26_0\HSFLOWD-1_26_0\SRC\WINDOWS\HSFLOWD\WIN32\DEBUG\READCPUCOUNTERS.OBJ
G:\WORK FILE\SFLOW\HSFLOWD-1_26_0\HSFLOWD-1_26_0\SRC\WINDOWS\HSFLOWD\WIN32\DEBUG\READDISKCOUNTERS.OBJ
G:\WORK FILE\SFLOW\HSFLOWD-1_26_0\HSFLOWD-1_26_0\SRC\WINDOWS\HSFLOWD\WIN32\DEBUG\READHIDCOUNTERS.OBJ
G:\WORK FILE\SFLOW\HSFLOWD-1_26_0\HSFLOWD-1_26_0\SRC\WINDOWS\HSFLOWD\WIN32\DEBUG\READINTERFACES.OBJ
G:\WORK FILE\SFLOW\HSFLOWD-1_26_0\HSFLOWD-1_26_0\SRC\WINDOWS\HSFLOWD\WIN32\DEBUG\READMEMORYCOUNTERS.OBJ
G:\WORK FILE\SFLOW\HSFLOWD-1_26_0\HSFLOWD-1_26_0\SRC\WINDOWS\HSFLOWD\WIN32\DEBUG\READNIOCOUNTERS.OBJ
G:\WORK FILE\SFLOW\HSFLOWD-1_26_0\HSFLOWD-1_26_0\SRC\WINDOWS\HSFLOWD\WIN32\DEBUG\READSYSTEMUUID.OBJ
G:\WORK FILE\SFLOW\HSFLOWD-1_26_0\HSFLOWD-1_26_0\SRC\WINDOWS\HSFLOWD\WIN32\DEBUG\SFLOW_AGENT.OBJ
G:\WORK FILE\SFLOW\HSFLOWD-1_26_0\HSFLOWD-1_26_0\SRC\WINDOWS\HSFLOWD\WIN32\DEBUG\SFLOW_POLLER.OBJ
G:\WORK FILE\SFLOW\HSFLOWD-1_26_0\HSFLOWD-1_26_0\SRC\WINDOWS\HSFLOWD\WIN32\DEBUG\SFLOW_RECEIVER.OBJ
G:\WORK FILE\SFLOW\HSFLOWD-1_26_0\HSFLOWD-1_26_0\SRC\WINDOWS\HSFLOWD\WIN32\DEBUG\SFLOW_SAMPLER.OBJ
G:\WORK FILE\SFLOW\HSFLOWD-1_26_0\HSFLOWD-1_26_0\SRC\WINDOWS\HSFLOWD\WIN32\DEBUG\UTIL.OBJ
G:\WORK FILE\SFLOW\HSFLOWD-1_26_0\HSFLOWD-1_26_0\SRC\WINDOWS\HSFLOWD\WIN32\DEBUG\HYPERVSWITCH.OBJ
G:\WORK FILE\SFLOW\HSFLOWD-1_26_0\HSFLOWD-1_26_0\SRC\WINDOWS\HSFLOWD\WIN32\DEBUG\HYPERVUTIL.OBJ
G:\WORK FILE\SFLOW\HSFLOWD-1_26_0\HSFLOWD-1_26_0\SRC\WINDOWS\HSFLOWD\WIN32\DEBUG\VC110.PDB
G:\WORK FILE\SFLOW\HSFLOWD-1_26_0\HSFLOWD-1_26_0\SRC\WINDOWS\BUILD\HSFLOWD.ILK
G:\WORK FILE\SFLOW\HSFLOWD-1_26_0\HSFLOWD-1_26_0\SRC\WINDOWS\BUILD\HSFLOWD.EXE
G:\WORK FILE\SFLOW\HSFLOWD-1_26_0\HSFLOWD-1_26_0\SRC\WINDOWS\BUILD\HSFLOWD.PDB
G:\WORK FILE\SFLOW\HSFLOWD-1_26_0\HSFLOWD-1_26_0\SRC\WINDOWS\HSFLOWD\WIN32\DEBUG\HSFLOWD.RES
G:\work file\sflow\hsflowd-1_26_0\hsflowd-1_26_0\src\Windows\hsflowd\Win32\Debug\dnsSD.obj
G:\work file\sflow\hsflowd-1_26_0\hsflowd-1_26_0\src\Windows\hsflowd\Win32\Debug\hsflowconfig.obj
G:\work file\sflow\hsflowd-1_26_0\hsflowd-1_26_0\src\Windows\hsflowd\Win32\Debug\hsflowd.obj
G:\work file\sflow\hsflowd-1_26_0\hsflowd-1_26_0\src\Windows\hsflowd\Win32\Debug\hypervSwitch.obj
G:\work file\sflow\hsflowd-1_26_0\hsflowd-1_26_0\src\Windows\hsflowd\Win32\Debug\hypervUtil.obj
G:\work file\sflow\hsflowd-1_26_0\hsflowd-1_26_0\src\Windows\hsflowd\Win32\Debug\hypervVm.obj
G:\work file\sflow\hsflowd-1_26_0\hsflowd-1_26_0\src\Windows\hsflowd\Win32\Debug\loadAverage.obj
G:\work file\sflow\hsflowd-1_26_0\hsflowd-1_26_0\src\Windows\hsflowd\Win32\Debug\readCpuCounters.obj
G:\work file\sflow\hsflowd-1_26_0\hsflowd-1_26_0\src\Windows\hsflowd\Win32\Debug\readDiskCounters.obj
G:\work file\sflow\hsflowd-1_26_0\hsflowd-1_26_0\src\Windows\hsflowd\Win32\Debug\readHidCounters.obj
G:\work file\sflow\hsflowd-1_26_0\hsflowd-1_26_0\src\Windows\hsflowd\Win32\Debug\readInterfaces.obj
G:\work file\sflow\hsflowd-1_26_0\hsflowd-1_26_0\src\Windows\hsflowd\Win32\Debug\readMemoryCounters.obj
G:\work file\sflow\hsflowd-1_26_0\hsflowd-1_26_0\src\Windows\hsflowd\Win32\Debug\readNioCounters.obj
G:\work file\sflow\hsflowd-1_26_0\hsflowd-1_26_0\src\Windows\hsflowd\Win32\Debug\readPackets.obj
G:\work file\sflow\hsflowd-1_26_0\hsflowd-1_26_0\src\Windows\hsflowd\Win32\Debug\readSystemUUID.obj
G:\work file\sflow\hsflowd-1_26_0\hsflowd-1_26_0\src\Windows\hsflowd\Win32\Debug\readWindowsEnglishCounters.obj
G:\work file\sflow\hsflowd-1_26_0\hsflowd-1_26_0\src\Windows\hsflowd\Win32\Debug\sflow_agent.obj
G:\work file\sflow\hsflowd-1_26_0\hsflowd-1_26_0\src\Windows\hsflowd\Win32\Debug\sflow_poller.obj
G:\work file\sflow\hsflowd-1_26_0\hsflowd-1_26_0\src\Windows\hsflowd\Win32\Debug\sflow_receiver.obj
G:\work file\sflow\hsflowd-1_26_0\hsflowd-1_26_0\src\Windows\hsflowd\Win32\Debug\sflow_sampler.obj
G:\work file\sflow\hsflowd-1_26_0\hsflowd-1_26_0\src\Windows\hsflowd\Win32\Debug\util.obj
G:\work file\sflow\hsflowd-1_26_0\hsflowd-1_26_0\src\Windows\hsflowd\Win32\Debug\xmlUtil.obj
G:\work file\sflow\hsflowd-1_26_0\hsflowd-1_26_0\src\Windows\hsflowd\Win32\Debug\cl.command.1.tlog
G:\work file\sflow\hsflowd-1_26_0\hsflowd-1_26_0\src\Windows\hsflowd\Win32\Debug\CL.read.1.tlog
G:\work file\sflow\hsflowd-1_26_0\hsflowd-1_26_0\src\Windows\hsflowd\Win32\Debug\CL.write.1.tlog
G:\work file\sflow\hsflowd-1_26_0\hsflowd-1_26_0\src\Windows\hsflowd\Win32\Debug\link-cvtres.read.1.tlog
G:\work file\sflow\hsflowd-1_26_0\hsflowd-1_26_0\src\Windows\hsflowd\Win32\Debug\link-cvtres.write.1.tlog
G:\work file\sflow\hsflowd-1_26_0\hsflowd-1_26_0\src\Windows\hsflowd\Win32\Debug\link-rc.read.1.tlog
G:\work file\sflow\hsflowd-1_26_0\hsflowd-1_26_0\src\Windows\hsflowd\Win32\Debug\link-rc.write.1.tlog
G:\work file\sflow\hsflowd-1_26_0\hsflowd-1_26_0\src\Windows\hsflowd\Win32\Debug\link.command.1.tlog
G:\work file\sflow\hsflowd-1_26_0\hsflowd-1_26_0\src\Windows\hsflowd\Win32\Debug\link.read.1.tlog
G:\work file\sflow\hsflowd-1_26_0\hsflowd-1_26_0\src\Windows\hsflowd\Win32\Debug\link.write.1.tlog
G:\work file\sflow\hsflowd-1_26_0\hsflowd-1_26_0\src\Windows\hsflowd\Win32\Debug\rc.command.1.tlog
G:\work file\sflow\hsflowd-1_26_0\hsflowd-1_26_0\src\Windows\hsflowd\Win32\Debug\rc.read.1.tlog
G:\work file\sflow\hsflowd-1_26_0\hsflowd-1_26_0\src\Windows\hsflowd\Win32\Debug\rc.write.1.tlog
G:\work file\sflow\hsflowd-1_26_0\hsflowd-1_26_0\src\Windows\hsflowd\Win32\Debug\hsflowd.res
G:\work file\sflow\hsflowd-1_26_0\hsflowd-1_26_0\src\Windows\hsflowd\Win32\Debug\vc110.idb
G:\work file\sflow\hsflowd-1_26_0\hsflowd-1_26_0\src\Windows\hsflowd\Win32\Debug\vc110.pdb
G:\work file\sflow\hsflowd-1_26_0\hsflowd-1_26_0\src\Windows\build\hsflowd.pdb
G:\work file\sflow\hsflowd-1_26_0\hsflowd-1_26_0\src\Windows\build\hsflowd.exe
G:\work file\sflow\hsflowd-1_26_0\hsflowd-1_26_0\src\Windows\build\hsflowd.ilk
